# JRE version: OpenJDK Runtime Environment (8.0_112-b06) (build 1.8.0_112-release-b06)
# Java VM: OpenJDK 64-Bit Server VM (25.112-b06 mixed mode linux-amd64 compressed oops)
Heap:
 PSYoungGen      total 68608K, used 6979K [0x00000000e0000000, 0x00000000e4d00000, 0x0000000100000000)
  eden space 59904K, 0% used [0x00000000e0000000,0x00000000e0000000,0x00000000e3a80000)
  from space 8704K, 80% used [0x00000000e3a80000,0x00000000e4150ee8,0x00000000e4300000)
  to   space 7168K, 0% used [0x00000000e4300000,0x00000000e4300000,0x00000000e4a00000)
 ParOldGen       total 40960K, used 11326K [0x00000000a0000000, 0x00000000a2800000, 0x00000000e0000000)
  object space 40960K, 27% used [0x00000000a0000000,0x00000000a0b0f9a8,0x00000000a2800000)
 Metaspace       used 25583K, capacity 26056K, committed 26288K, reserved 1071104K
  class space    used 3549K, capacity 3671K, committed 3760K, reserved 1048576K
GC Heap History (10 events):
Event: 1.091 GC heap after
Heap after GC invocations=3 (full 0):
 PSYoungGen      total 17920K, used 2544K [0x00000000e0000000, 0x00000000e2300000, 0x0000000100000000)
  eden space 15360K, 0% used [0x00000000e0000000,0x00000000e0000000,0x00000000e0f00000)
  from space 2560K, 99% used [0x00000000e0f00000,0x00000000e117c010,0x00000000e1180000)
  to   space 2560K, 0% used [0x00000000e2080000,0x00000000e2080000,0x00000000e2300000)
 ParOldGen       total 40960K, used 1437K [0x00000000a0000000, 0x00000000a2800000, 0x00000000e0000000)
  object space 40960K, 3% used [0x00000000a0000000,0x00000000a0167528,0x00000000a2800000)
 Metaspace       used 8354K, capacity 8518K, committed 8704K, reserved 1056768K
  class space    used 1082K, capacity 1153K, committed 1280K, reserved 1048576K
}
Event: 1.424 GC heap before
{Heap before GC invocations=4 (full 0):
 PSYoungGen      total 17920K, used 17904K [0x00000000e0000000, 0x00000000e2300000, 0x0000000100000000)
  eden space 15360K, 100% used [0x00000000e0000000,0x00000000e0f00000,0x00000000e0f00000)
  from space 2560K, 99% used [0x00000000e0f00000,0x00000000e117c010,0x00000000e1180000)
  to   space 2560K, 0% used [0x00000000e2080000,0x00000000e2080000,0x00000000e2300000)
 ParOldGen       total 40960K, used 1437K [0x00000000a0000000, 0x00000000a2800000, 0x00000000e0000000)
  object space 40960K, 3% used [0x00000000a0000000,0x00000000a0167528,0x00000000a2800000)
 Metaspace       used 12572K, capacity 12900K, committed 13184K, reserved 1060864K
  class space    used 1685K, capacity 1799K, committed 1920K, reserved 1048576K
Event: 1.430 GC heap after
Heap after GC invocations=4 (full 0):
 PSYoungGen      total 33280K, used 2544K [0x00000000e0000000, 0x00000000e2300000, 0x0000000100000000)
  eden space 30720K, 0% used [0x00000000e0000000,0x00000000e0000000,0x00000000e1e00000)
  from space 2560K, 99% used [0x00000000e2080000,0x00000000e22fc010,0x00000000e2300000)
  to   space 2560K, 0% used [0x00000000e1e00000,0x00000000e1e00000,0x00000000e2080000)
 ParOldGen       total 40960K, used 3463K [0x00000000a0000000, 0x00000000a2800000, 0x00000000e0000000)
  object space 40960K, 8% used [0x00000000a0000000,0x00000000a0361f78,0x00000000a2800000)
 Metaspace       used 12572K, capacity 12900K, committed 13184K, reserved 1060864K
  class space    used 1685K, capacity 1799K, committed 1920K, reserved 1048576K
}
Event: 1.838 GC heap before
{Heap before GC invocations=5 (full 0):
 PSYoungGen      total 33280K, used 33264K [0x00000000e0000000, 0x00000000e2300000, 0x0000000100000000)
  eden space 30720K, 100% used [0x00000000e0000000,0x00000000e1e00000,0x00000000e1e00000)
  from space 2560K, 99% used [0x00000000e2080000,0x00000000e22fc010,0x00000000e2300000)
  to   space 2560K, 0% used [0x00000000e1e00000,0x00000000e1e00000,0x00000000e2080000)
 ParOldGen       total 40960K, used 3463K [0x00000000a0000000, 0x00000000a2800000, 0x00000000e0000000)
  object space 40960K, 8% used [0x00000000a0000000,0x00000000a0361f78,0x00000000a2800000)
 Metaspace       used 15706K, capacity 16060K, committed 16256K, reserved 1062912K
  class space    used 2203K, capacity 2315K, committed 2432K, reserved 1048576K
Event: 1.847 GC heap after
Heap after GC invocations=5 (full 0):
 PSYoungGen      total 33280K, used 2544K [0x00000000e0000000, 0x00000000e4a00000, 0x0000000100000000)
  eden space 30720K, 0% used [0x00000000e0000000,0x00000000e0000000,0x00000000e1e00000)
  from space 2560K, 99% used [0x00000000e1e00000,0x00000000e207c030,0x00000000e2080000)
  to   space 7168K, 0% used [0x00000000e4300000,0x00000000e4300000,0x00000000e4a00000)
 ParOldGen       total 40960K, used 7434K [0x00000000a0000000, 0x00000000a2800000, 0x00000000e0000000)
  object space 40960K, 18% used [0x00000000a0000000,0x00000000a0742a88,0x00000000a2800000)
 Metaspace       used 15706K, capacity 16060K, committed 16256K, reserved 1062912K
  class space    used 2203K, capacity 2315K, committed 2432K, reserved 1048576K
}
Event: 2.487 GC heap before
{Heap before GC invocations=6 (full 0):
 PSYoungGen      total 33280K, used 31272K [0x00000000e0000000, 0x00000000e4a00000, 0x0000000100000000)
  eden space 30720K, 93% used [0x00000000e0000000,0x00000000e1c0e390,0x00000000e1e00000)
  from space 2560K, 99% used [0x00000000e1e00000,0x00000000e207c030,0x00000000e2080000)
  to   space 7168K, 0% used [0x00000000e4300000,0x00000000e4300000,0x00000000e4a00000)
 ParOldGen       total 40960K, used 7434K [0x00000000a0000000, 0x00000000a2800000, 0x00000000e0000000)
  object space 40960K, 18% used [0x00000000a0000000,0x00000000a0742a88,0x00000000a2800000)
 Metaspace       used 20890K, capacity 21164K, committed 21296K, reserved 1067008K
  class space    used 2752K, capacity 2838K, committed 2864K, reserved 1048576K
Event: 2.509 GC heap after
Heap after GC invocations=6 (full 0):
 PSYoungGen      total 67072K, used 7155K [0x00000000e0000000, 0x00000000e4d00000, 0x0000000100000000)
  eden space 59904K, 0% used [0x00000000e0000000,0x00000000e0000000,0x00000000e3a80000)
  from space 7168K, 99% used [0x00000000e4300000,0x00000000e49fce58,0x00000000e4a00000)
  to   space 8704K, 0% used [0x00000000e3a80000,0x00000000e3a80000,0x00000000e4300000)
 ParOldGen       total 40960K, used 7814K [0x00000000a0000000, 0x00000000a2800000, 0x00000000e0000000)
  object space 40960K, 19% used [0x00000000a0000000,0x00000000a07a1bc8,0x00000000a2800000)
 Metaspace       used 20890K, capacity 21164K, committed 21296K, reserved 1067008K
  class space    used 2752K, capacity 2838K, committed 2864K, reserved 1048576K
}
Event: 2.509 GC heap before
{Heap before GC invocations=7 (full 1):
 PSYoungGen      total 67072K, used 7155K [0x00000000e0000000, 0x00000000e4d00000, 0x0000000100000000)
  eden space 59904K, 0% used [0x00000000e0000000,0x00000000e0000000,0x00000000e3a80000)
  from space 7168K, 99% used [0x00000000e4300000,0x00000000e49fce58,0x00000000e4a00000)
  to   space 8704K, 0% used [0x00000000e3a80000,0x00000000e3a80000,0x00000000e4300000)
 ParOldGen       total 40960K, used 7814K [0x00000000a0000000, 0x00000000a2800000, 0x00000000e0000000)
  object space 40960K, 19% used [0x00000000a0000000,0x00000000a07a1bc8,0x00000000a2800000)
 Metaspace       used 20890K, capacity 21164K, committed 21296K, reserved 1067008K
  class space    used 2752K, capacity 2838K, committed 2864K, reserved 1048576K
Event: 2.610 GC heap after
Heap after GC invocations=7 (full 1):
 PSYoungGen      total 67072K, used 0K [0x00000000e0000000, 0x00000000e4d00000, 0x0000000100000000)
  eden space 59904K, 0% used [0x00000000e0000000,0x00000000e0000000,0x00000000e3a80000)
  from space 7168K, 0% used [0x00000000e4300000,0x00000000e4300000,0x00000000e4a00000)
  to   space 8704K, 0% used [0x00000000e3a80000,0x00000000e3a80000,0x00000000e4300000)
 ParOldGen       total 40960K, used 11318K [0x00000000a0000000, 0x00000000a2800000, 0x00000000e0000000)
  object space 40960K, 27% used [0x00000000a0000000,0x00000000a0b0d9a8,0x00000000a2800000)
 Metaspace       used 20890K, capacity 21164K, committed 21296K, reserved 1067008K
  class space    used 2752K, capacity 2838K, committed 2864K, reserved 1048576K
}
Event: 35.961 GC heap before
{Heap before GC invocations=8 (full 1):
 PSYoungGen      total 67072K, used 59904K [0x00000000e0000000, 0x00000000e4d00000, 0x0000000100000000)
  eden space 59904K, 100% used [0x00000000e0000000,0x00000000e3a80000,0x00000000e3a80000)
  from space 7168K, 0% used [0x00000000e4300000,0x00000000e4300000,0x00000000e4a00000)
  to   space 8704K, 0% used [0x00000000e3a80000,0x00000000e3a80000,0x00000000e4300000)
 ParOldGen       total 40960K, used 11318K [0x00000000a0000000, 0x00000000a2800000, 0x00000000e0000000)
  object space 40960K, 27% used [0x00000000a0000000,0x00000000a0b0d9a8,0x00000000a2800000)
 Metaspace       used 25583K, capacity 26056K, committed 26288K, reserved 1071104K
  class space    used 3549K, capacity 3671K, committed 3760K, reserved 1048576K

