# JRE version: OpenJDK Runtime Environment (8.0_112-b06) (build 1.8.0_112-release-b06)
# Java VM: OpenJDK 64-Bit Server VM (25.112-b06 mixed mode linux-amd64 compressed oops)
Heap:
 PSYoungGen      total 269824K, used 128K [0x00000000e0000000, 0x00000000f1c80000, 0x0000000100000000)
  eden space 248320K, 0% used [0x00000000e0000000,0x00000000e0000000,0x00000000ef280000)
  from space 21504K, 0% used [0x00000000ef280000,0x00000000ef2a0000,0x00000000f0780000)
  to   space 16384K, 0% used [0x00000000f0c80000,0x00000000f0c80000,0x00000000f1c80000)
 ParOldGen       total 93184K, used 44655K [0x00000000a0000000, 0x00000000a5b00000, 0x00000000e0000000)
  object space 93184K, 47% used [0x00000000a0000000,0x00000000a2b9bc00,0x00000000a5b00000)
 Metaspace       used 52361K, capacity 54184K, committed 54312K, reserved 1095680K
  class space    used 7073K, capacity 7470K, committed 7472K, reserved 1048576K
GC Heap History (10 events):
Event: 15.773 GC heap after
Heap after GC invocations=15 (full 2):
 PSYoungGen      total 157184K, used 12591K [0x00000000e0000000, 0x00000000ece80000, 0x0000000100000000)
  eden space 136192K, 0% used [0x00000000e0000000,0x00000000e0000000,0x00000000e8500000)
  from space 20992K, 59% used [0x00000000e8500000,0x00000000e914bfc8,0x00000000e9980000)
  to   space 20992K, 0% used [0x00000000eba00000,0x00000000eba00000,0x00000000ece80000)
 ParOldGen       total 54784K, used 38237K [0x00000000a0000000, 0x00000000a3580000, 0x00000000e0000000)
  object space 54784K, 69% used [0x00000000a0000000,0x00000000a25576a0,0x00000000a3580000)
 Metaspace       used 52346K, capacity 54190K, committed 54312K, reserved 1095680K
  class space    used 7074K, capacity 7471K, committed 7472K, reserved 1048576K
}
Event: 15.817 GC heap before
{Heap before GC invocations=16 (full 2):
 PSYoungGen      total 157184K, used 147971K [0x00000000e0000000, 0x00000000ece80000, 0x0000000100000000)
  eden space 136192K, 99% used [0x00000000e0000000,0x00000000e8434eb0,0x00000000e8500000)
  from space 20992K, 59% used [0x00000000e8500000,0x00000000e914bfc8,0x00000000e9980000)
  to   space 20992K, 0% used [0x00000000eba00000,0x00000000eba00000,0x00000000ece80000)
 ParOldGen       total 54784K, used 38237K [0x00000000a0000000, 0x00000000a3580000, 0x00000000e0000000)
  object space 54784K, 69% used [0x00000000a0000000,0x00000000a25576a0,0x00000000a3580000)
 Metaspace       used 52350K, capacity 54190K, committed 54312K, reserved 1095680K
  class space    used 7074K, capacity 7471K, committed 7472K, reserved 1048576K
Event: 15.831 GC heap after
Heap after GC invocations=16 (full 2):
 PSYoungGen      total 190464K, used 11358K [0x00000000e0000000, 0x00000000ee900000, 0x0000000100000000)
  eden space 169472K, 0% used [0x00000000e0000000,0x00000000e0000000,0x00000000ea580000)
  from space 20992K, 54% used [0x00000000eba00000,0x00000000ec517b20,0x00000000ece80000)
  to   space 20992K, 0% used [0x00000000ea580000,0x00000000ea580000,0x00000000eba00000)
 ParOldGen       total 54784K, used 38245K [0x00000000a0000000, 0x00000000a3580000, 0x00000000e0000000)
  object space 54784K, 69% used [0x00000000a0000000,0x00000000a25596a0,0x00000000a3580000)
 Metaspace       used 52350K, capacity 54190K, committed 54312K, reserved 1095680K
  class space    used 7074K, capacity 7471K, committed 7472K, reserved 1048576K
}
Event: 15.881 GC heap before
{Heap before GC invocations=17 (full 2):
 PSYoungGen      total 190464K, used 180715K [0x00000000e0000000, 0x00000000ee900000, 0x0000000100000000)
  eden space 169472K, 99% used [0x00000000e0000000,0x00000000ea5634d0,0x00000000ea580000)
  from space 20992K, 54% used [0x00000000eba00000,0x00000000ec517b20,0x00000000ece80000)
  to   space 20992K, 0% used [0x00000000ea580000,0x00000000ea580000,0x00000000eba00000)
 ParOldGen       total 54784K, used 38245K [0x00000000a0000000, 0x00000000a3580000, 0x00000000e0000000)
  object space 54784K, 69% used [0x00000000a0000000,0x00000000a25596a0,0x00000000a3580000)
 Metaspace       used 52363K, capacity 54190K, committed 54312K, reserved 1095680K
  class space    used 7074K, capacity 7471K, committed 7472K, reserved 1048576K
Event: 15.900 GC heap after
Heap after GC invocations=17 (full 2):
 PSYoungGen      total 190464K, used 64K [0x00000000e0000000, 0x00000000f2180000, 0x0000000100000000)
  eden space 169472K, 0% used [0x00000000e0000000,0x00000000e0000000,0x00000000ea580000)
  from space 20992K, 0% used [0x00000000ea580000,0x00000000ea590000,0x00000000eba00000)
  to   space 21504K, 0% used [0x00000000f0c80000,0x00000000f0c80000,0x00000000f2180000)
 ParOldGen       total 54784K, used 49481K [0x00000000a0000000, 0x00000000a3580000, 0x00000000e0000000)
  object space 54784K, 90% used [0x00000000a0000000,0x00000000a3052638,0x00000000a3580000)
 Metaspace       used 52363K, capacity 54190K, committed 54312K, reserved 1095680K
  class space    used 7074K, capacity 7471K, committed 7472K, reserved 1048576K
}
Event: 15.901 GC heap before
{Heap before GC invocations=18 (full 3):
 PSYoungGen      total 190464K, used 64K [0x00000000e0000000, 0x00000000f2180000, 0x0000000100000000)
  eden space 169472K, 0% used [0x00000000e0000000,0x00000000e0000000,0x00000000ea580000)
  from space 20992K, 0% used [0x00000000ea580000,0x00000000ea590000,0x00000000eba00000)
  to   space 21504K, 0% used [0x00000000f0c80000,0x00000000f0c80000,0x00000000f2180000)
 ParOldGen       total 54784K, used 49481K [0x00000000a0000000, 0x00000000a3580000, 0x00000000e0000000)
  object space 54784K, 90% used [0x00000000a0000000,0x00000000a3052638,0x00000000a3580000)
 Metaspace       used 52363K, capacity 54190K, committed 54312K, reserved 1095680K
  class space    used 7074K, capacity 7471K, committed 7472K, reserved 1048576K
Event: 16.111 GC heap after
Heap after GC invocations=18 (full 3):
 PSYoungGen      total 190464K, used 0K [0x00000000e0000000, 0x00000000f2180000, 0x0000000100000000)
  eden space 169472K, 0% used [0x00000000e0000000,0x00000000e0000000,0x00000000ea580000)
  from space 20992K, 0% used [0x00000000ea580000,0x00000000ea580000,0x00000000eba00000)
  to   space 21504K, 0% used [0x00000000f0c80000,0x00000000f0c80000,0x00000000f2180000)
 ParOldGen       total 93184K, used 44639K [0x00000000a0000000, 0x00000000a5b00000, 0x00000000e0000000)
  object space 93184K, 47% used [0x00000000a0000000,0x00000000a2b97c00,0x00000000a5b00000)
 Metaspace       used 52361K, capacity 54184K, committed 54312K, reserved 1095680K
  class space    used 7073K, capacity 7470K, committed 7472K, reserved 1048576K
}
Event: 16.161 GC heap before
{Heap before GC invocations=19 (full 3):
 PSYoungGen      total 190464K, used 168959K [0x00000000e0000000, 0x00000000f2180000, 0x0000000100000000)
  eden space 169472K, 99% used [0x00000000e0000000,0x00000000ea4ffe10,0x00000000ea580000)
  from space 20992K, 0% used [0x00000000ea580000,0x00000000ea580000,0x00000000eba00000)
  to   space 21504K, 0% used [0x00000000f0c80000,0x00000000f0c80000,0x00000000f2180000)
 ParOldGen       total 93184K, used 44639K [0x00000000a0000000, 0x00000000a5b00000, 0x00000000e0000000)
  object space 93184K, 47% used [0x00000000a0000000,0x00000000a2b97c00,0x00000000a5b00000)
 Metaspace       used 52361K, capacity 54184K, committed 54312K, reserved 1095680K
  class space    used 7073K, capacity 7470K, committed 7472K, reserved 1048576K
Event: 16.163 GC heap after
Heap after GC invocations=19 (full 3):
 PSYoungGen      total 264704K, used 64K [0x00000000e0000000, 0x00000000f1c80000, 0x0000000100000000)
  eden space 248320K, 0% used [0x00000000e0000000,0x00000000e0000000,0x00000000ef280000)
  from space 16384K, 0% used [0x00000000f0c80000,0x00000000f0c90000,0x00000000f1c80000)
  to   space 21504K, 0% used [0x00000000ef280000,0x00000000ef280000,0x00000000f0780000)
 ParOldGen       total 93184K, used 44639K [0x00000000a0000000, 0x00000000a5b00000, 0x00000000e0000000)
  object space 93184K, 47% used [0x00000000a0000000,0x00000000a2b97c00,0x00000000a5b00000)
 Metaspace       used 52361K, capacity 54184K, committed 54312K, reserved 1095680K
  class space    used 7073K, capacity 7470K, committed 7472K, reserved 1048576K
}
Event: 17.575 GC heap before
{Heap before GC invocations=20 (full 3):
 PSYoungGen      total 264704K, used 247441K [0x00000000e0000000, 0x00000000f1c80000, 0x0000000100000000)
  eden space 248320K, 99% used [0x00000000e0000000,0x00000000ef194768,0x00000000ef280000)
  from space 16384K, 0% used [0x00000000f0c80000,0x00000000f0c90000,0x00000000f1c80000)
  to   space 21504K, 0% used [0x00000000ef280000,0x00000000ef280000,0x00000000f0780000)
 ParOldGen       total 93184K, used 44639K [0x00000000a0000000, 0x00000000a5b00000, 0x00000000e0000000)
  object space 93184K, 47% used [0x00000000a0000000,0x00000000a2b97c00,0x00000000a5b00000)
 Metaspace       used 52361K, capacity 54184K, committed 54312K, reserved 1095680K
  class space    used 7073K, capacity 7470K, committed 7472K, reserved 1048576K

